<?xml version="1.0" encoding="utf-8"?><testsuites name="pytest tests"><testsuite name="pytest" errors="0" failures="0" skipped="0" tests="30" time="11.885" timestamp="2026-02-14T01:12:54.534432+00:00" hostname="agent-env-82acfe18-301b-4a9b-9d69-612b518c7594"><testcase classname="backend.tests.test_crm_features.TestAuth" name="test_login_success" time="0.525" /><testcase classname="backend.tests.test_crm_features.TestMessages" name="test_get_messages" time="0.551" /><testcase classname="backend.tests.test_crm_features.TestMessages" name="test_create_message" time="0.644" /><testcase classname="backend.tests.test_crm_features.TestMessages" name="test_create_and_mark_as_read" time="0.429" /><testcase classname="backend.tests.test_crm_features.TestMessages" name="test_create_and_delete_message" time="0.283" /><testcase classname="backend.tests.test_crm_features.TestMessages" name="test_delete_nonexistent_message" time="0.132" /><testcase classname="backend.tests.test_crm_features.TestChannels" name="test_get_channels" time="0.531" /><testcase classname="backend.tests.test_crm_features.TestChannels" name="test_filter_channels_by_type" time="0.126" /><testcase classname="backend.tests.test_crm_features.TestChannels" name="test_create_channel" time="0.156" /><testcase classname="backend.tests.test_crm_features.TestChannels" name="test_create_and_update_channel" time="0.452" /><testcase classname="backend.tests.test_crm_features.TestChannels" name="test_create_and_delete_channel" time="0.253" /><testcase classname="backend.tests.test_crm_features.TestChannels" name="test_delete_nonexistent_channel" time="0.123" /><testcase classname="backend.tests.test_crm_features.TestIntegrations" name="test_get_integrations" time="0.577" /><testcase classname="backend.tests.test_crm_features.TestIntegrations" name="test_create_stripe_integration" time="0.153" /><testcase classname="backend.tests.test_crm_features.TestIntegrations" name="test_create_and_test_integration" time="0.545" /><testcase classname="backend.tests.test_crm_features.TestIntegrations" name="test_create_and_toggle_status" time="0.551" /><testcase classname="backend.tests.test_crm_features.TestIntegrations" name="test_create_and_delete_integration" time="0.269" /><testcase classname="backend.tests.test_crm_features.TestIntegrations" name="test_delete_nonexistent_integration" time="0.139" /><testcase classname="backend.tests.test_crm_features.TestSettings" name="test_get_settings" time="0.599" /><testcase classname="backend.tests.test_crm_features.TestSettings" name="test_update_company_settings" time="0.419" /><testcase classname="backend.tests.test_crm_features.TestSettings" name="test_update_email_notifications" time="0.380" /><testcase classname="backend.tests.test_crm_features.TestSettings" name="test_update_payment_settings" time="0.464" /><testcase classname="backend.tests.test_crm_features.TestSettings" name="test_update_notification_settings" time="0.155" /><testcase classname="backend.tests.test_crm_features.TestSettings" name="test_update_localization_settings" time="0.264" /><testcase classname="backend.tests.test_crm_features.TestSettings" name="test_settings_persistence" time="0.541" /><testcase classname="backend.tests.test_crm_features.TestExport" name="test_export_clients" time="0.504" /><testcase classname="backend.tests.test_crm_features.TestExport" name="test_export_orders" time="0.155" /><testcase classname="backend.tests.test_crm_features.TestExport" name="test_export_deals" time="0.177" /><testcase classname="backend.tests.test_crm_features.TestExport" name="test_export_products" time="0.197" /><testcase classname="backend.tests.test_crm_features.TestCleanup" name="test_cleanup_test_data" time="1.456" /></testsuite></testsuites>