<?xml version="1.0" encoding="utf-8"?><testsuites name="pytest tests"><testsuite name="pytest" errors="0" failures="0" skipped="0" tests="9" time="4.455" timestamp="2026-02-14T02:32:52.801104+00:00" hostname="agent-env-97046c79-d12c-45ba-9b62-1faa50eb69da"><testcase classname="backend.tests.test_client_crud_extended.TestClientCRUDExtended" name="test_create_client_with_all_fields" time="0.753" /><testcase classname="backend.tests.test_client_crud_extended.TestClientCRUDExtended" name="test_get_client_with_all_fields" time="0.607" /><testcase classname="backend.tests.test_client_crud_extended.TestClientCRUDExtended" name="test_update_client_new_fields" time="0.495" /><testcase classname="backend.tests.test_client_crud_extended.TestClientCRUDExtended" name="test_update_partial_fields" time="0.516" /><testcase classname="backend.tests.test_client_crud_extended.TestClientCRUDExtended" name="test_create_client_minimal_fields" time="0.239" /><testcase classname="backend.tests.test_client_crud_extended.TestClientCRUDExtended" name="test_list_clients_includes_new_fields" time="0.116" /><testcase classname="backend.tests.test_client_crud_extended.TestClientCRUDExtended" name="test_delete_client" time="0.402" /><testcase classname="backend.tests.test_client_crud_extended.TestClientOrders" name="test_get_client_orders" time="0.560" /><testcase classname="backend.tests.test_client_crud_extended.TestCleanupExtended" name="test_cleanup_test_clients" time="0.619" /></testsuite></testsuites>