<?xml version="1.0" encoding="utf-8"?><testsuites name="pytest tests"><testsuite name="pytest" errors="0" failures="0" skipped="0" tests="13" time="3.439" timestamp="2026-02-14T00:56:57.738943+00:00" hostname="agent-env-82acfe18-301b-4a9b-9d69-612b518c7594"><testcase classname="backend.tests.test_brokers.TestBrokersAPI" name="test_01_get_brokers_list" time="0.588" /><testcase classname="backend.tests.test_brokers.TestBrokersAPI" name="test_02_create_broker" time="0.155" /><testcase classname="backend.tests.test_brokers.TestBrokersAPI" name="test_03_get_single_broker" time="0.675" /><testcase classname="backend.tests.test_brokers.TestBrokersAPI" name="test_04_update_broker" time="0.319" /><testcase classname="backend.tests.test_brokers.TestBrokersAPI" name="test_05_filter_brokers_by_status" time="0.134" /><testcase classname="backend.tests.test_brokers.TestBrokersAPI" name="test_06_search_brokers" time="0.133" /><testcase classname="backend.tests.test_brokers.TestBrokersAPI" name="test_07_record_broker_sale" time="0.265" /><testcase classname="backend.tests.test_brokers.TestBrokersAPI" name="test_08_delete_broker" time="0.316" /><testcase classname="backend.tests.test_brokers.TestBrokersAPI" name="test_09_get_nonexistent_broker" time="0.113" /><testcase classname="backend.tests.test_brokers.TestBrokersAPI" name="test_10_update_nonexistent_broker" time="0.120" /><testcase classname="backend.tests.test_brokers.TestBrokersAPI" name="test_11_delete_nonexistent_broker" time="0.178" /><testcase classname="backend.tests.test_brokers.TestAuthRequired" name="test_get_brokers_without_auth" time="0.126" /><testcase classname="backend.tests.test_brokers.TestAuthRequired" name="test_post_broker_without_auth" time="0.160" /></testsuite></testsuites>