<?xml version="1.0" encoding="utf-8"?><testsuites name="pytest tests"><testsuite name="pytest" errors="0" failures="0" skipped="0" tests="16" time="7.215" timestamp="2026-02-14T01:44:13.987958+00:00" hostname="agent-env-82acfe18-301b-4a9b-9d69-612b518c7594"><testcase classname="backend.tests.test_orders_lineitems_client_detail.TestOrdersWithLineItems" name="test_01_create_order_with_line_items" time="0.915" /><testcase classname="backend.tests.test_orders_lineitems_client_detail.TestOrdersWithLineItems" name="test_02_get_order_with_line_items" time="0.138" /><testcase classname="backend.tests.test_orders_lineitems_client_detail.TestOrdersWithLineItems" name="test_03_get_orders_list_with_line_items" time="0.174" /><testcase classname="backend.tests.test_orders_lineitems_client_detail.TestOrdersWithLineItems" name="test_04_update_order_line_items" time="0.127" /><testcase classname="backend.tests.test_orders_lineitems_client_detail.TestOrdersWithLineItems" name="test_05_delete_order" time="0.472" /><testcase classname="backend.tests.test_orders_lineitems_client_detail.TestClientDetailEndpoints" name="test_01_get_client_detail" time="0.704" /><testcase classname="backend.tests.test_orders_lineitems_client_detail.TestClientDetailEndpoints" name="test_02_get_client_orders" time="0.239" /><testcase classname="backend.tests.test_orders_lineitems_client_detail.TestClientDetailEndpoints" name="test_03_get_client_deals" time="0.260" /><testcase classname="backend.tests.test_orders_lineitems_client_detail.TestClientDetailEndpoints" name="test_04_get_client_notes_empty" time="0.113" /><testcase classname="backend.tests.test_orders_lineitems_client_detail.TestClientDetailEndpoints" name="test_05_add_client_note" time="0.134" /><testcase classname="backend.tests.test_orders_lineitems_client_detail.TestClientDetailEndpoints" name="test_06_get_client_notes_after_add" time="0.138" /><testcase classname="backend.tests.test_orders_lineitems_client_detail.TestClientDetailEndpoints" name="test_07_add_different_note_types" time="0.663" /><testcase classname="backend.tests.test_orders_lineitems_client_detail.TestClientDetailEndpoints" name="test_08_delete_client_note" time="0.262" /><testcase classname="backend.tests.test_orders_lineitems_client_detail.TestClientDetailEndpoints" name="test_09_client_detail_404" time="0.521" /><testcase classname="backend.tests.test_orders_lineitems_client_detail.TestClientDetailEndpoints" name="test_10_cleanup_notes" time="1.042" /><testcase classname="backend.tests.test_orders_lineitems_client_detail.TestTaxRateFromSettings" name="test_01_order_uses_settings_tax_rate" time="1.155" /></testsuite></testsuites>